#-----------------------------------------------------------
# Vivado v2019.2 (64-bit)
# SW Build 2708876 on Wed Nov  6 21:40:23 MST 2019
# IP Build 2700528 on Thu Nov  7 00:09:20 MST 2019
# Start of session at: Thu Feb 24 19:49:34 2022
# Process ID: 19952
# Current directory: C:/Users/zhl78/Desktop/code/Project_Code
# Command line: vivado.exe -gui_launcher_event rodinguilauncherevent17984 C:\Users\zhl78\Desktop\code\Project_Code\hs_ad_da.xpr
# Log file: C:/Users/zhl78/Desktop/code/Project_Code/vivado.log
# Journal file: C:/Users/zhl78/Desktop/code/Project_Code\vivado.jou
#-----------------------------------------------------------
start_gui
open_project C:/Users/zhl78/Desktop/code/Project_Code/hs_ad_da.xpr
INFO: [Project 1-313] Project file moved from 'D:/Desktoop/Studio_FPGA/DD1_AD_DA_HDMI/Project_Code' since last save.
Scanning sources...
Finished scanning sources
INFO: [IP_Flow 19-234] Refreshing IP repositories
INFO: [IP_Flow 19-1700] Loaded user IP repository 'c:/Users/zhl78/Desktop/code/Project_Code/hs_ad_da.srcs/IP_Users'.
INFO: [IP_Flow 19-2313] Loaded Vivado IP repository 'G:/Xilinx/Vivado/2019.2/data/ip'.
open_project: Time (s): cpu = 00:00:13 ; elapsed = 00:00:08 . Memory (MB): peak = 1019.926 ; gain = 362.809
update_compile_order -fileset sources_1
WARNING: [IP_Flow 19-4067] Ignoring invalid widget type specified checkbox.Providing a default widget
WARNING: [filemgmt 56-199] Attempt to get parsing info during refresh. "On-the-fly" syntax checking information may be incorrect. [C:\Users\zhl78\Desktop\code\Project_Code\hs_ad_da.srcs\sources_1\new\dry_grid.v:]
WARNING: [filemgmt 56-199] Attempt to get parsing info during refresh. "On-the-fly" syntax checking information may be incorrect. [C:\Users\zhl78\Desktop\code\Project_Code\hs_ad_da.srcs\sources_1\new\da_wave_send.v:]
WARNING: [filemgmt 56-199] Attempt to get parsing info during refresh. "On-the-fly" syntax checking information may be incorrect. [C:\Users\zhl78\Desktop\code\Project_Code\hs_ad_da.srcs\sources_1\new\hs_ad_da.v:]
WARNING: [filemgmt 56-199] Attempt to get parsing info during refresh. "On-the-fly" syntax checking information may be incorrect. [C:\Users\zhl78\Desktop\code\Project_Code\hs_ad_da.srcs\sources_1\new\dry_grid.v:]
WARNING: [filemgmt 56-199] Attempt to get parsing info during refresh. "On-the-fly" syntax checking information may be incorrect. [C:\Users\zhl78\Desktop\code\Project_Code\hs_ad_da.srcs\sources_1\new\da_wave_send.v:]
WARNING: [filemgmt 56-199] Attempt to get parsing info during refresh. "On-the-fly" syntax checking information may be incorrect. [C:\Users\zhl78\Desktop\code\Project_Code\hs_ad_da.srcs\sources_1\new\hs_ad_da.v:]
ERROR: [Common 17-180] Spawn failed: No error
exit
INFO: [Common 17-206] Exiting Vivado at Thu Feb 24 21:45:18 2022...
