#-----------------------------------------------------------
# Vivado v2019.2 (64-bit)
# SW Build 2708876 on Wed Nov  6 21:40:23 MST 2019
# IP Build 2700528 on Thu Nov  7 00:09:20 MST 2019
# Start of session at: Wed Feb 23 16:37:06 2022
# Process ID: 2052
# Current directory: C:/Users/zhl78/Desktop/code/Project_Code
# Command line: vivado.exe -gui_launcher_event rodinguilauncherevent17392 C:\Users\zhl78\Desktop\code\Project_Code\hs_ad_da.xpr
# Log file: C:/Users/zhl78/Desktop/code/Project_Code/vivado.log
# Journal file: C:/Users/zhl78/Desktop/code/Project_Code\vivado.jou
#-----------------------------------------------------------
start_gui
open_project C:/Users/zhl78/Desktop/code/Project_Code/hs_ad_da.xpr
INFO: [Project 1-313] Project file moved from 'D:/Desktoop/Studio_FPGA/DD1_AD_DA_HDMI/Project_Code' since last save.
Scanning sources...
Finished scanning sources
INFO: [IP_Flow 19-234] Refreshing IP repositories
INFO: [IP_Flow 19-1700] Loaded user IP repository 'c:/Users/zhl78/Desktop/code/Project_Code/hs_ad_da.srcs/IP_Users'.
INFO: [IP_Flow 19-2313] Loaded Vivado IP repository 'G:/Xilinx/Vivado/2019.2/data/ip'.
open_project: Time (s): cpu = 00:00:12 ; elapsed = 00:00:08 . Memory (MB): peak = 1029.215 ; gain = 316.109
update_compile_order -fileset sources_1
WARNING: [IP_Flow 19-4067] Ignoring invalid widget type specified checkbox.Providing a default widget
WARNING: [IP_Flow 19-4067] Ignoring invalid widget type specified checkbox.Providing a default widget
WARNING: [IP_Flow 19-4067] Ignoring invalid widget type specified checkbox.Providing a default widget
WARNING: [IP_Flow 19-4067] Ignoring invalid widget type specified checkbox.Providing a default widget
WARNING: [IP_Flow 19-4067] Ignoring invalid widget type specified checkbox.Providing a default widget
WARNING: [IP_Flow 19-4067] Ignoring invalid widget type specified checkbox.Providing a default widget
exit
INFO: [Common 17-206] Exiting Vivado at Wed Feb 23 23:24:10 2022...
